2021-07-29 15:20:53,820 INFO : 85 : Running Air Sweeper
2021-07-29 15:20:54,093 INFO : 85 : Running Air Defense
2021-07-29 15:20:54,372 INFO : 85 : Running Eagle Artillery
2021-07-29 15:20:54,654 INFO : 85 : Running Archer Tower Long Range
2021-07-29 15:20:54,953 INFO : 85 : Running Bomb Tower
2021-07-29 15:20:55,237 INFO : 85 : Running X-Bow Ground
2021-07-29 15:20:55,523 INFO : 85 : Running Cannon Normal
2021-07-29 15:20:55,821 INFO : 85 : Running Inferno Tower Single Target
2021-07-29 15:20:56,087 INFO : 85 : Running Grand Warden
2021-07-29 15:20:56,353 INFO : 85 : Running Mortar Normal
2021-07-29 15:20:56,633 INFO : 85 : Running Scattershot
2021-07-29 15:20:56,903 INFO : 85 : Running Hidden Tesla
2021-07-29 15:20:57,187 INFO : 85 : Running Wall
2021-07-29 15:20:57,476 INFO : 85 : Running Wizard Tower
2021-07-29 15:20:58,820 INFO : 85 : Running Dark Elixir Drill
2021-07-29 15:20:59,097 INFO : 85 : Running Dark Elixir Storage
2021-07-29 15:20:59,374 INFO : 85 : Running Elixir Collector
2021-07-29 15:20:59,661 INFO : 85 : Running Elixir Storage
2021-07-29 15:20:59,947 INFO : 85 : Running Gold Mine
2021-07-29 15:21:00,231 INFO : 85 : Running Gold Storage
2021-07-29 15:21:00,528 INFO : 85 : Running Clan Castle
2021-07-29 15:21:00,826 INFO : 85 : Running Barracks
2021-07-29 15:21:01,106 INFO : 85 : Running Dark Barracks
2021-07-29 15:21:01,376 INFO : 85 : Running Archer Queen
2021-07-29 15:21:01,638 INFO : 85 : Running Barbarian King
2021-07-29 15:21:01,902 INFO : 85 : Running Royal Champion
2021-07-29 15:21:02,171 INFO : 85 : Running Laboratory
2021-07-29 15:21:02,449 INFO : 85 : Running Dark Spell Factory
2021-07-29 15:21:02,719 INFO : 85 : Running Pet House
2021-07-29 15:21:03,264 INFO : 85 : Running Spell Factory
2021-07-29 15:21:03,534 INFO : 85 : Running Army Camp
2021-07-29 15:21:03,810 INFO : 85 : Running Air Bomb
2021-07-29 15:21:04,081 INFO : 85 : Running Spring Trap
2021-07-29 15:21:04,882 INFO : 85 : Running Skeleton Trap Ground
2021-07-29 15:21:05,163 INFO : 85 : Running Seeking Air Mine
2021-07-29 15:21:05,438 INFO : 85 : Running Bomb
2021-07-29 15:21:06,269 INFO : 85 : Running Giant Bomb
2021-07-29 15:23:07,046 INFO : 38 : Start
2021-07-29 15:23:09,283 INFO : 87 : Running Air Sweeper
2021-07-29 15:23:09,577 INFO : 87 : Running Air Defense
2021-07-29 15:23:09,895 INFO : 87 : Running Eagle Artillery
2021-07-29 15:23:10,212 INFO : 87 : Running Archer Tower Long Range
2021-07-29 15:23:10,529 INFO : 87 : Running Bomb Tower
2021-07-29 15:23:10,821 INFO : 87 : Running X-Bow Ground
2021-07-29 15:23:11,121 INFO : 87 : Running Cannon Normal
2021-07-29 15:23:11,451 INFO : 87 : Running Inferno Tower Single Target
2021-07-29 15:23:11,743 INFO : 87 : Running Grand Warden
2021-07-29 15:23:12,032 INFO : 87 : Running Mortar Normal
2021-07-29 15:23:12,340 INFO : 87 : Running Scattershot
2021-07-29 15:23:12,628 INFO : 87 : Running Hidden Tesla
2021-07-29 15:23:12,925 INFO : 87 : Running Wall
2021-07-29 15:23:13,228 INFO : 87 : Running Wizard Tower
2021-07-29 15:23:14,725 INFO : 87 : Running Dark Elixir Drill
2021-07-29 15:23:15,510 INFO : 87 : Running Dark Elixir Storage
2021-07-29 15:23:15,825 INFO : 87 : Running Elixir Collector
2021-07-29 15:23:16,155 INFO : 87 : Running Elixir Storage
2021-07-29 15:23:16,501 INFO : 87 : Running Gold Mine
2021-07-29 15:23:16,810 INFO : 87 : Running Gold Storage
2021-07-29 15:23:17,115 INFO : 87 : Running Clan Castle
2021-07-29 15:23:17,430 INFO : 87 : Running Barracks
2021-07-29 15:23:17,743 INFO : 87 : Running Dark Barracks
2021-07-29 15:23:18,034 INFO : 87 : Running Archer Queen
2021-07-29 15:23:18,315 INFO : 87 : Running Barbarian King
2021-07-29 15:23:18,597 INFO : 87 : Running Royal Champion
2021-07-29 15:23:18,881 INFO : 87 : Running Laboratory
2021-07-29 15:23:19,178 INFO : 87 : Running Dark Spell Factory
2021-07-29 15:23:19,463 INFO : 87 : Running Pet House
2021-07-29 15:23:20,027 INFO : 87 : Running Spell Factory
2021-07-29 15:23:20,317 INFO : 87 : Running Army Camp
2021-07-29 15:23:20,622 INFO : 87 : Running Air Bomb
2021-07-29 15:23:20,911 INFO : 87 : Running Spring Trap
2021-07-29 15:23:21,773 INFO : 87 : Running Skeleton Trap Ground
2021-07-29 15:23:22,057 INFO : 87 : Running Seeking Air Mine
2021-07-29 15:23:22,343 INFO : 87 : Running Bomb
2021-07-29 15:23:23,191 INFO : 87 : Running Giant Bomb
2021-07-29 15:23:23,487 INFO : 130 : Done
2021-07-29 15:23:48,734 INFO : 37 : ##################################################
2021-07-29 15:23:48,734 INFO : 39 : Start
2021-07-29 15:23:50,850 INFO : 88 : Running Air Sweeper
2021-07-29 15:23:51,126 INFO : 88 : Running Air Defense
2021-07-29 15:23:51,405 INFO : 88 : Running Eagle Artillery
2021-07-29 15:23:51,687 INFO : 88 : Running Archer Tower Long Range
2021-07-29 15:23:51,983 INFO : 88 : Running Bomb Tower
2021-07-29 15:23:52,257 INFO : 88 : Running X-Bow Ground
2021-07-29 15:23:52,535 INFO : 88 : Running Cannon Normal
2021-07-29 15:23:52,830 INFO : 88 : Running Inferno Tower Single Target
2021-07-29 15:23:53,100 INFO : 88 : Running Grand Warden
2021-07-29 15:23:53,369 INFO : 88 : Running Mortar Normal
2021-07-29 15:23:53,647 INFO : 88 : Running Scattershot
2021-07-29 15:23:53,915 INFO : 88 : Running Hidden Tesla
2021-07-29 15:23:54,199 INFO : 88 : Running Wall
2021-07-29 15:23:54,492 INFO : 88 : Running Wizard Tower
2021-07-29 15:23:55,831 INFO : 88 : Running Dark Elixir Drill
2021-07-29 15:23:56,105 INFO : 88 : Running Dark Elixir Storage
2021-07-29 15:23:56,391 INFO : 88 : Running Elixir Collector
2021-07-29 15:23:56,674 INFO : 88 : Running Elixir Storage
2021-07-29 15:23:56,958 INFO : 88 : Running Gold Mine
2021-07-29 15:23:57,243 INFO : 88 : Running Gold Storage
2021-07-29 15:23:57,533 INFO : 88 : Running Clan Castle
2021-07-29 15:23:57,816 INFO : 88 : Running Barracks
2021-07-29 15:23:58,102 INFO : 88 : Running Dark Barracks
2021-07-29 15:23:58,373 INFO : 88 : Running Archer Queen
2021-07-29 15:23:58,636 INFO : 88 : Running Barbarian King
2021-07-29 15:23:58,897 INFO : 88 : Running Royal Champion
2021-07-29 15:23:59,162 INFO : 88 : Running Laboratory
2021-07-29 15:23:59,437 INFO : 88 : Running Dark Spell Factory
2021-07-29 15:23:59,703 INFO : 88 : Running Pet House
2021-07-29 15:24:00,237 INFO : 88 : Running Spell Factory
2021-07-29 15:24:00,510 INFO : 88 : Running Army Camp
2021-07-29 15:24:00,794 INFO : 88 : Running Air Bomb
2021-07-29 15:24:01,071 INFO : 88 : Running Spring Trap
2021-07-29 15:24:01,897 INFO : 88 : Running Skeleton Trap Ground
2021-07-29 15:24:02,167 INFO : 88 : Running Seeking Air Mine
2021-07-29 15:24:02,435 INFO : 88 : Running Bomb
2021-07-29 15:24:03,243 INFO : 88 : Running Giant Bomb
2021-07-29 15:24:03,548 INFO : 131 : Done
2021-07-29 15:24:07,858 INFO : 37 : ##################################################
2021-07-29 15:24:07,858 INFO : 39 : Start
2021-07-29 15:24:09,912 INFO : 88 : Running Air Sweeper
2021-07-29 15:24:10,176 INFO : 88 : Running Air Defense
2021-07-29 15:24:10,443 INFO : 88 : Running Eagle Artillery
2021-07-29 15:24:10,717 INFO : 88 : Running Archer Tower Long Range
2021-07-29 15:24:11,005 INFO : 88 : Running Bomb Tower
2021-07-29 15:24:11,272 INFO : 88 : Running X-Bow Ground
2021-07-29 15:24:11,546 INFO : 88 : Running Cannon Normal
2021-07-29 15:24:11,865 INFO : 88 : Running Inferno Tower Single Target
2021-07-29 15:24:12,136 INFO : 88 : Running Grand Warden
2021-07-29 15:24:12,398 INFO : 88 : Running Mortar Normal
2021-07-29 15:24:12,675 INFO : 88 : Running Scattershot
2021-07-29 15:24:12,941 INFO : 88 : Running Hidden Tesla
2021-07-29 15:24:13,224 INFO : 88 : Running Wall
2021-07-29 15:24:13,506 INFO : 88 : Running Wizard Tower
2021-07-29 15:24:14,821 INFO : 88 : Running Dark Elixir Drill
2021-07-29 15:24:15,098 INFO : 88 : Running Dark Elixir Storage
2021-07-29 15:24:15,369 INFO : 88 : Running Elixir Collector
2021-07-29 15:24:15,648 INFO : 88 : Running Elixir Storage
2021-07-29 15:24:15,925 INFO : 88 : Running Gold Mine
2021-07-29 15:24:16,223 INFO : 88 : Running Gold Storage
2021-07-29 15:24:16,537 INFO : 88 : Running Clan Castle
2021-07-29 15:24:16,851 INFO : 88 : Running Barracks
2021-07-29 15:24:17,159 INFO : 88 : Running Dark Barracks
2021-07-29 15:24:17,426 INFO : 88 : Running Archer Queen
2021-07-29 15:24:17,706 INFO : 88 : Running Barbarian King
2021-07-29 15:24:17,981 INFO : 88 : Running Royal Champion
2021-07-29 15:24:18,253 INFO : 88 : Running Laboratory
2021-07-29 15:24:18,522 INFO : 88 : Running Dark Spell Factory
2021-07-29 15:24:18,787 INFO : 88 : Running Pet House
2021-07-29 15:24:19,319 INFO : 88 : Running Spell Factory
2021-07-29 15:24:19,588 INFO : 88 : Running Army Camp
2021-07-29 15:24:19,859 INFO : 88 : Running Air Bomb
2021-07-29 15:24:20,123 INFO : 88 : Running Spring Trap
2021-07-29 15:24:20,979 INFO : 88 : Running Skeleton Trap Ground
2021-07-29 15:24:21,254 INFO : 88 : Running Seeking Air Mine
2021-07-29 15:24:21,515 INFO : 88 : Running Bomb
2021-07-29 15:24:22,315 INFO : 88 : Running Giant Bomb
2021-07-29 15:24:22,591 INFO : 132 : ##################################################
2021-07-29 15:24:22,591 INFO : 131 : #                      Done                      #
2021-07-29 15:24:22,591 INFO : 132 : ##################################################
2021-07-29 15:38:04,585 INFO : 39 : ##################################################
2021-07-29 15:38:04,585 INFO : 40 : #                     Start                      #
2021-07-29 15:38:04,585 INFO : 41 : ##################################################
2021-07-29 15:38:06,686 INFO : 91 : Running Air Sweeper
2021-07-29 15:38:06,951 INFO : 91 : Running Air Defense
2021-07-29 15:38:07,223 INFO : 91 : Running Eagle Artillery
2021-07-29 15:38:07,499 INFO : 91 : Running Archer Tower Long Range
2021-07-29 15:38:07,791 INFO : 91 : Running Bomb Tower
2021-07-29 15:38:08,062 INFO : 91 : Running X-Bow Ground
2021-07-29 15:38:08,339 INFO : 91 : Running Cannon Normal
2021-07-29 15:38:08,631 INFO : 91 : Running Inferno Tower Single Target
2021-07-29 15:38:08,891 INFO : 91 : Running Grand Warden
2021-07-29 15:38:09,182 INFO : 91 : Running Mortar Normal
2021-07-29 15:38:09,458 INFO : 91 : Running Scattershot
2021-07-29 15:38:09,723 INFO : 91 : Running Hidden Tesla
2021-07-29 15:38:10,005 INFO : 91 : Running Wall
2021-07-29 15:38:10,288 INFO : 91 : Running Wizard Tower
2021-07-29 15:38:11,599 INFO : 91 : Running Dark Elixir Drill
2021-07-29 15:38:11,866 INFO : 91 : Running Dark Elixir Storage
2021-07-29 15:38:12,135 INFO : 91 : Running Elixir Collector
2021-07-29 15:38:12,416 INFO : 91 : Running Elixir Storage
2021-07-29 15:38:12,702 INFO : 91 : Running Gold Mine
2021-07-29 15:38:12,983 INFO : 91 : Running Gold Storage
2021-07-29 15:38:13,284 INFO : 91 : Running Clan Castle
2021-07-29 15:38:13,560 INFO : 91 : Running Barracks
2021-07-29 15:38:13,840 INFO : 91 : Running Dark Barracks
2021-07-29 15:38:14,101 INFO : 91 : Running Archer Queen
2021-07-29 15:38:14,357 INFO : 91 : Running Barbarian King
2021-07-29 15:38:14,616 INFO : 91 : Running Royal Champion
2021-07-29 15:38:14,882 INFO : 91 : Running Laboratory
2021-07-29 15:38:15,152 INFO : 91 : Running Dark Spell Factory
2021-07-29 15:38:15,410 INFO : 91 : Running Pet House
2021-07-29 15:38:15,925 INFO : 91 : Running Spell Factory
2021-07-29 15:38:16,190 INFO : 91 : Running Army Camp
2021-07-29 15:38:16,486 INFO : 91 : Running Air Bomb
2021-07-29 15:38:16,751 INFO : 91 : Running Spring Trap
2021-07-29 15:38:17,541 INFO : 91 : Running Skeleton Trap Ground
2021-07-29 15:38:17,813 INFO : 91 : Running Seeking Air Mine
2021-07-29 15:38:18,211 INFO : 91 : Running Bomb
2021-07-29 15:38:19,165 INFO : 91 : Running Giant Bomb
2021-07-29 15:38:19,436 INFO : 135 : ##################################################
2021-07-29 15:38:19,436 INFO : 143 : ##################################################
2021-07-29 15:38:19,436 INFO : 144 : #                      Done                      #
2021-07-29 15:38:19,436 INFO : 145 : ##################################################
2021-07-29 15:38:47,000 INFO : 39 : #                     Start                      #
2021-07-29 15:38:47,000 INFO : 40 : ##################################################
2021-07-29 15:38:49,066 INFO : 90 : Running Air Sweeper
2021-07-29 15:38:49,331 INFO : 90 : Running Air Defense
2021-07-29 15:38:49,602 INFO : 90 : Running Eagle Artillery
2021-07-29 15:38:49,880 INFO : 90 : Running Archer Tower Long Range
2021-07-29 15:38:50,179 INFO : 90 : Running Bomb Tower
2021-07-29 15:38:50,453 INFO : 90 : Running X-Bow Ground
2021-07-29 15:38:50,733 INFO : 90 : Running Cannon Normal
2021-07-29 15:38:51,028 INFO : 90 : Running Inferno Tower Single Target
2021-07-29 15:38:51,296 INFO : 90 : Running Grand Warden
2021-07-29 15:38:51,561 INFO : 90 : Running Mortar Normal
2021-07-29 15:38:51,841 INFO : 90 : Running Scattershot
2021-07-29 15:38:52,117 INFO : 90 : Running Hidden Tesla
2021-07-29 15:38:52,396 INFO : 90 : Running Wall
2021-07-29 15:38:52,695 INFO : 90 : Running Wizard Tower
2021-07-29 15:38:54,008 INFO : 90 : Running Dark Elixir Drill
2021-07-29 15:38:54,280 INFO : 90 : Running Dark Elixir Storage
2021-07-29 15:38:54,552 INFO : 90 : Running Elixir Collector
2021-07-29 15:38:54,833 INFO : 90 : Running Elixir Storage
2021-07-29 15:38:55,115 INFO : 90 : Running Gold Mine
2021-07-29 15:38:55,391 INFO : 90 : Running Gold Storage
2021-07-29 15:38:55,698 INFO : 90 : Running Clan Castle
2021-07-29 15:38:56,011 INFO : 90 : Running Barracks
2021-07-29 15:38:56,292 INFO : 90 : Running Dark Barracks
2021-07-29 15:38:56,557 INFO : 90 : Running Archer Queen
2021-07-29 15:38:56,816 INFO : 90 : Running Barbarian King
2021-07-29 15:38:57,072 INFO : 90 : Running Royal Champion
2021-07-29 15:38:57,332 INFO : 90 : Running Laboratory
2021-07-29 15:38:57,603 INFO : 90 : Running Dark Spell Factory
2021-07-29 15:38:57,866 INFO : 90 : Running Pet House
2021-07-29 15:38:58,387 INFO : 90 : Running Spell Factory
2021-07-29 15:38:58,654 INFO : 90 : Running Army Camp
2021-07-29 15:38:58,926 INFO : 90 : Running Air Bomb
2021-07-29 15:38:59,195 INFO : 90 : Running Spring Trap
2021-07-29 15:38:59,971 INFO : 90 : Running Skeleton Trap Ground
2021-07-29 15:39:00,229 INFO : 90 : Running Seeking Air Mine
2021-07-29 15:39:00,492 INFO : 90 : Running Bomb
2021-07-29 15:39:01,278 INFO : 90 : Running Giant Bomb
2021-07-29 15:39:01,549 INFO : 141 : ##################################################
2021-07-29 15:39:01,549 INFO : 142 : #                      Done                      #
2021-07-29 15:39:01,549 INFO : 143 : ##################################################
2021-07-29 15:39:08,781 INFO : 39 : #                     Start                      #
2021-07-29 15:39:08,781 INFO : 40 : ##################################################
2021-07-29 15:39:10,836 INFO : 90 : Running Air Sweeper
2021-07-29 15:39:11,110 INFO : 90 : Running Air Defense
2021-07-29 15:39:11,402 INFO : 90 : Running Eagle Artillery
2021-07-29 15:39:11,694 INFO : 90 : Running Archer Tower Long Range
2021-07-29 15:39:11,989 INFO : 90 : Running Bomb Tower
2021-07-29 15:39:12,258 INFO : 90 : Running X-Bow Ground
2021-07-29 15:39:12,531 INFO : 90 : Running Cannon Normal
2021-07-29 15:39:12,822 INFO : 90 : Running Inferno Tower Single Target
2021-07-29 15:39:13,084 INFO : 90 : Running Grand Warden
2021-07-29 15:39:13,343 INFO : 90 : Running Mortar Normal
2021-07-29 15:39:13,622 INFO : 90 : Running Scattershot
2021-07-29 15:39:13,886 INFO : 90 : Running Hidden Tesla
2021-07-29 15:39:14,185 INFO : 90 : Running Wall
2021-07-29 15:39:14,472 INFO : 90 : Running Wizard Tower
2021-07-29 15:39:15,821 INFO : 90 : Running Dark Elixir Drill
2021-07-29 15:39:16,085 INFO : 90 : Running Dark Elixir Storage
2021-07-29 15:39:16,355 INFO : 90 : Running Elixir Collector
2021-07-29 15:39:16,637 INFO : 90 : Running Elixir Storage
2021-07-29 15:39:16,915 INFO : 90 : Running Gold Mine
2021-07-29 15:39:17,198 INFO : 90 : Running Gold Storage
2021-07-29 15:39:17,480 INFO : 90 : Running Clan Castle
2021-07-29 15:39:17,757 INFO : 90 : Running Barracks
2021-07-29 15:39:18,034 INFO : 90 : Running Dark Barracks
2021-07-29 15:39:18,299 INFO : 90 : Running Archer Queen
2021-07-29 15:39:18,559 INFO : 90 : Running Barbarian King
2021-07-29 15:39:18,814 INFO : 90 : Running Royal Champion
2021-07-29 15:39:19,076 INFO : 90 : Running Laboratory
2021-07-29 15:39:19,356 INFO : 90 : Running Dark Spell Factory
2021-07-29 15:39:19,619 INFO : 90 : Running Pet House
2021-07-29 15:39:20,140 INFO : 90 : Running Spell Factory
2021-07-29 15:39:20,403 INFO : 90 : Running Army Camp
2021-07-29 15:39:20,675 INFO : 90 : Running Air Bomb
2021-07-29 15:39:20,941 INFO : 90 : Running Spring Trap
2021-07-29 15:39:21,744 INFO : 90 : Running Skeleton Trap Ground
2021-07-29 15:39:22,010 INFO : 90 : Running Seeking Air Mine
2021-07-29 15:39:22,278 INFO : 90 : Running Bomb
2021-07-29 15:39:23,057 INFO : 90 : Running Giant Bomb
2021-07-29 15:39:23,326 INFO : 141 : ##################################################
2021-07-29 15:39:23,326 INFO : 142 : #                      Done                      #
2021-07-29 15:39:23,326 INFO : 143 : ##################################################
